<?xml version="1.0" encoding="UTF-8"?>
<testng-results skipped="0" failed="0" total="3" passed="3">
  <reporter-output>
  </reporter-output>
  <suite name="Maven_Selenium" duration-ms="115331" started-at="2018-09-13T09:47:43Z" finished-at="2018-09-13T09:49:39Z">
    <groups>
    </groups>
    <test name="Maven_Selenium_Test" duration-ms="115331" started-at="2018-09-13T09:47:43Z" finished-at="2018-09-13T09:49:39Z">
      <class name="Testing.Scenario">
        <test-method status="PASS" signature="openApp()[pri:0, instance:Testing.Scenario@5d624da6]" name="openApp" duration-ms="11081" started-at="2018-09-13T15:17:43Z" finished-at="2018-09-13T15:17:54Z">
          <reporter-output>
          </reporter-output>
        </test-method> <!-- openApp -->
        <test-method status="PASS" signature="Login()[pri:0, instance:Testing.Scenario@5d624da6]" name="Login" duration-ms="97073" started-at="2018-09-13T15:17:54Z" depends-on-methods="Testing.Scenario.openApp" finished-at="2018-09-13T15:19:31Z">
          <reporter-output>
          </reporter-output>
        </test-method> <!-- Login -->
        <test-method status="PASS" signature="Logout()[pri:0, instance:Testing.Scenario@5d624da6]" name="Logout" duration-ms="7136" started-at="2018-09-13T15:19:31Z" depends-on-methods="Testing.Scenario.Login" finished-at="2018-09-13T15:19:39Z">
          <reporter-output>
          </reporter-output>
        </test-method> <!-- Logout -->
      </class> <!-- Testing.Scenario -->
    </test> <!-- Maven_Selenium_Test -->
  </suite> <!-- Maven_Selenium -->
</testng-results>
